2025-04-03 19:20:14,772 - INFO - === GeckoBot Logging Session 20250403_192014 Started ===
2025-04-03 19:20:14,783 - INFO - Starting logger test
2025-04-03 19:20:14,783 - INFO - === Round 1 Started ===
2025-04-03 19:20:14,786 - INFO - === Hand 1 Started ===
2025-04-03 19:20:14,788 - INFO - Hole cards: Ah Kh
2025-04-03 19:20:14,788 - INFO - Small Blind: 10
2025-04-03 19:20:14,789 - INFO - Big Blind: 20
2025-04-03 19:20:14,789 - INFO - === PREFLOP Betting Round ===
2025-04-03 19:20:14,789 - INFO - Button raises 60
2025-04-03 19:20:14,801 - INFO - Bot calls 60
2025-04-03 19:20:14,919 - INFO - Pot size: 140
2025-04-03 19:20:14,954 - INFO - FLOP cards: 2h 7d Jc
2025-04-03 19:20:14,971 - INFO - FLOP win probability: 42.00%
2025-04-03 19:20:15,001 - INFO - === FLOP Betting Round ===
2025-04-03 19:20:15,005 - INFO - Button checks
2025-04-03 19:20:15,113 - INFO - Bot bets 70
2025-04-03 19:20:15,139 - INFO - Button folds
2025-04-03 19:20:15,189 - INFO - Pot size: 210
2025-04-03 19:20:15,190 - INFO - === Hand 1 Complete ===
2025-04-03 19:20:15,201 - INFO - Final pot: 210
2025-04-03 19:20:15,202 - INFO - Hero stack: 30000
2025-04-03 19:20:15,217 - INFO - Session data saved to logs\geckobot_20250403_192014_data.json
2025-04-03 19:20:15,355 - ERROR - Log files created: ['geckobot_20250403_192014.log', 'geckobot_20250403_192014_data.json', 'geckobot_20250403_192014_structured.log', 'log.csv']Logger test completed successfully!
