2025-04-04 19:33:12,022 - INFO - === GeckoBot Logging Session 20250404_193312 Started ===
2025-04-04 19:33:12,022 - INFO - === Starting GeckoBot Poker Game ===
2025-04-04 19:33:12,035 - INFO - === Round 1 Started ===
2025-04-04 19:33:12,035 - ERROR - Logger initialized with session ID: 20250404_193312Log directory: logsLog directory exists: True
=== New Game Started ===
2025-04-04 19:33:13,006 - INFO - === Round 2 Started ===
2025-04-04 19:33:13,023 - ERROR - 
=== Hole Cards ===Your hand: 8s 5hMonte Carlo win probability: 22.05%
=== Blinds Posted ===Small Blind: 10Big Blind: 20
=== PREFLOP Betting Round ===Pot: 30.0Your stack: 29990Button callsBot folds
=== Hand Complete ===Final pot: 50.0Your final stack: 29990
=== New Game Started ===
2025-04-04 19:33:14,175 - INFO - === Round 3 Started ===
2025-04-04 19:33:14,175 - ERROR - 
=== Hole Cards ===Your hand: 5s 9dMonte Carlo win probability: 21.60%
=== Blinds Posted ===Small Blind: 10Big Blind: 20
=== PREFLOP Betting Round ===Pot: 30.0Your stack: 29990Button raises to 60Bot folds
=== Hand Complete ===Final pot: 90.0Your final stack: 29990
=== New Game Started ===
2025-04-04 19:33:15,727 - INFO - === Round 4 Started ===
2025-04-04 19:33:15,727 - ERROR - 
=== Hole Cards ===Your hand: Ks 7hMonte Carlo win probability: 27.85%
=== Blinds Posted ===Small Blind: 10Big Blind: 20
=== PREFLOP Betting Round ===Pot: 30.0Your stack: 29990Button callsBot folds
=== Hand Complete ===Final pot: 50.0Your final stack: 29990
=== New Game Started ===
2025-04-04 19:33:16,727 - INFO - === Round 5 Started ===
2025-04-04 19:33:16,729 - ERROR - 
=== Hole Cards ===Your hand: 3s 5dMonte Carlo win probability: 19.00%
=== Blinds Posted ===Small Blind: 10Big Blind: 20
=== PREFLOP Betting Round ===Pot: 30.0Your stack: 29990Button callsBot folds
=== Hand Complete ===Final pot: 50.0Your final stack: 29990
=== New Game Started ===
2025-04-04 19:33:17,693 - INFO - === Round 6 Started ===
2025-04-04 19:33:17,693 - ERROR - 
=== Hole Cards ===Your hand: Jd 7sMonte Carlo win probability: 27.30%
=== Blinds Posted ===Small Blind: 10Big Blind: 20
=== PREFLOP Betting Round ===Pot: 30.0Your stack: 29990Button callsBot folds
=== Hand Complete ===Final pot: 50.0Your final stack: 29990
=== New Game Started ===
2025-04-04 19:33:19,300 - INFO - === Round 7 Started ===
2025-04-04 19:33:19,302 - ERROR - 
=== Hole Cards ===Your hand: 4c AhMonte Carlo win probability: 30.60%
=== Blinds Posted ===Small Blind: 10Big Blind: 20
=== PREFLOP Betting Round ===Pot: 30.0Your stack: 29990Button raises to 60Bot folds
=== Hand Complete ===Final pot: 90.0Your final stack: 29990
=== New Game Started ===
2025-04-04 19:33:20,225 - INFO - === Round 8 Started ===
2025-04-04 19:33:20,240 - ERROR - 
=== Hole Cards ===Your hand: 4h JcMonte Carlo win probability: 23.75%
=== Blinds Posted ===Small Blind: 10Big Blind: 20
=== PREFLOP Betting Round ===Pot: 30.0Your stack: 29990Button callsBot folds
=== Hand Complete ===Final pot: 50.0Your final stack: 29990
=== New Game Started ===
2025-04-04 19:33:21,159 - INFO - === Round 9 Started ===
2025-04-04 19:33:21,159 - ERROR - 
=== Hole Cards ===Your hand: Kd 5sMonte Carlo win probability: 26.20%
=== Blinds Posted ===Small Blind: 10Big Blind: 20
=== PREFLOP Betting Round ===Pot: 30.0Your stack: 29990Button callsBot folds
=== Hand Complete ===Final pot: 50.0Your final stack: 29990
=== New Game Started ===
2025-04-04 19:33:22,147 - INFO - === Round 10 Started ===
2025-04-04 19:33:22,148 - ERROR - 
=== Hole Cards ===Your hand: 7s 3sMonte Carlo win probability: 24.65%
=== Blinds Posted ===Small Blind: 10Big Blind: 20
=== PREFLOP Betting Round ===Pot: 30.0Your stack: 29990Button callsBot folds
=== Hand Complete ===Final pot: 50.0Your final stack: 29990
=== New Game Started ===
2025-04-04 19:33:23,062 - INFO - === Round 11 Started ===
2025-04-04 19:33:23,062 - ERROR - 
=== Hole Cards ===Your hand: 5s 7dMonte Carlo win probability: 23.50%
=== Blinds Posted ===Small Blind: 10Big Blind: 20
=== PREFLOP Betting Round ===Pot: 30.0Your stack: 29990Button callsBot folds
=== Hand Complete ===Final pot: 50.0Your final stack: 29990
=== New Game Started ===
2025-04-04 19:33:24,076 - INFO - === Round 12 Started ===
2025-04-04 19:33:24,076 - ERROR - 
=== Hole Cards ===Your hand: Qh ThMonte Carlo win probability: 35.65%
=== Blinds Posted ===Small Blind: 10Big Blind: 20
=== PREFLOP Betting Round ===Pot: 30.0Your stack: 29990Button callsBot folds
=== Hand Complete ===Final pot: 50.0Your final stack: 29990
=== New Game Started ===
2025-04-04 19:33:26,842 - INFO - === Round 13 Started ===
2025-04-04 19:33:26,851 - ERROR - 
=== Hole Cards ===Your hand: 7h 7sMonte Carlo win probability: 41.60%
=== Blinds Posted ===Small Blind: 10Big Blind: 20
=== PREFLOP Betting Round ===Pot: 30.0Your stack: 29990Button callsBot raises to 20
=== Flop ===4s Qs AcMonte Carlo win probability: 34.35%
=== FLOP Betting Round ===Pot: 70.0Your stack: 29970Opponent checksBot folds
=== Hand Complete ===Final pot: 70.0Your final stack: 29970
=== New Game Started ===
2025-04-04 19:33:27,826 - INFO - === Round 14 Started ===
2025-04-04 19:33:27,835 - ERROR - 
=== Hole Cards ===Your hand: 8c 7sMonte Carlo win probability: 25.55%
=== Blinds Posted ===Small Blind: 10Big Blind: 20
=== PREFLOP Betting Round ===Pot: 30.0Your stack: 29990Button raises to 60Bot folds
=== Hand Complete ===Final pot: 90.0Your final stack: 29990
=== New Game Started ===
2025-04-04 19:33:28,803 - INFO - === Round 15 Started ===
2025-04-04 19:33:28,804 - ERROR - 
=== Hole Cards ===Your hand: 7s 9hMonte Carlo win probability: 26.30%
=== Blinds Posted ===Small Blind: 10Big Blind: 20
=== PREFLOP Betting Round ===Pot: 30.0Your stack: 29990Button raises to 60Bot folds
=== Hand Complete ===Final pot: 90.0Your final stack: 29990
=== New Game Started ===
2025-04-04 19:33:29,776 - INFO - === Round 16 Started ===
2025-04-04 19:33:29,776 - ERROR - 
=== Hole Cards ===Your hand: Ac 3cMonte Carlo win probability: 36.50%
=== Blinds Posted ===Small Blind: 10Big Blind: 20
=== PREFLOP Betting Round ===Pot: 30.0Your stack: 29990Button raises to 60Bot folds
=== Hand Complete ===Final pot: 90.0Your final stack: 29990
=== New Game Started ===
2025-04-04 19:33:30,699 - INFO - === Round 17 Started ===
2025-04-04 19:33:30,699 - ERROR - 
=== Hole Cards ===Your hand: 5d 6dMonte Carlo win probability: 26.80%
=== Blinds Posted ===Small Blind: 10Big Blind: 20
=== PREFLOP Betting Round ===Pot: 30.0Your stack: 29990Button callsBot folds
=== Hand Complete ===Final pot: 50.0Your final stack: 29990
=== New Game Started ===
2025-04-04 19:33:32,476 - INFO - === Round 18 Started ===
2025-04-04 19:33:32,482 - ERROR - 
=== Hole Cards ===Your hand: 9c 6dMonte Carlo win probability: 25.00%
=== Blinds Posted ===Small Blind: 10Big Blind: 20
=== PREFLOP Betting Round ===Pot: 30.0Your stack: 29990Button raises to 60Bot folds
=== Hand Complete ===Final pot: 90.0Your final stack: 29990
=== New Game Started ===
2025-04-04 19:33:34,104 - INFO - === Round 19 Started ===
2025-04-04 19:33:34,105 - ERROR - 
=== Hole Cards ===Your hand: 9h AcMonte Carlo win probability: 33.45%
=== Blinds Posted ===Small Blind: 10Big Blind: 20
=== PREFLOP Betting Round ===Pot: 30.0Your stack: 29990Button callsBot folds
=== Hand Complete ===Final pot: 50.0Your final stack: 29990
=== New Game Started ===
2025-04-04 19:33:35,429 - INFO - === Round 20 Started ===
2025-04-04 19:33:35,429 - ERROR - 
=== Hole Cards ===Your hand: 4c 2hMonte Carlo win probability: 19.65%
=== Blinds Posted ===Small Blind: 10Big Blind: 20
=== PREFLOP Betting Round ===Pot: 30.0Your stack: 29990Button raises to 60Bot folds
=== Hand Complete ===Final pot: 90.0Your final stack: 29990
=== New Game Started ===
2025-04-04 19:33:36,809 - INFO - === Round 21 Started ===
2025-04-04 19:33:36,809 - ERROR - 
=== Hole Cards ===Your hand: 2d AhMonte Carlo win probability: 29.40%
=== Blinds Posted ===Small Blind: 10Big Blind: 20
=== PREFLOP Betting Round ===Pot: 30.0Your stack: 29990Button raises to 60Bot folds
=== Hand Complete ===Final pot: 90.0Your final stack: 29990
=== New Game Started ===
2025-04-04 19:33:38,368 - INFO - === Round 22 Started ===
2025-04-04 19:33:38,370 - ERROR - 
=== Hole Cards ===Your hand: Qh 7sMonte Carlo win probability: 27.75%
=== Blinds Posted ===Small Blind: 10Big Blind: 20
=== PREFLOP Betting Round ===Pot: 30.0Your stack: 29990Button callsBot folds
=== Hand Complete ===Final pot: 50.0Your final stack: 29990
=== New Game Started ===
2025-04-04 19:33:39,218 - INFO - === Round 23 Started ===
2025-04-04 19:33:39,219 - ERROR - 
=== Hole Cards ===Your hand: Kc 5dMonte Carlo win probability: 28.20%
=== Blinds Posted ===Small Blind: 10Big Blind: 20
=== PREFLOP Betting Round ===Pot: 30.0Your stack: 29990Button callsBot folds
=== Hand Complete ===Final pot: 50.0Your final stack: 29990
=== New Game Started ===
2025-04-04 19:33:40,162 - INFO - === Round 24 Started ===
2025-04-04 19:33:40,162 - ERROR - 
=== Hole Cards ===Your hand: Ac 6sMonte Carlo win probability: 29.35%
=== Blinds Posted ===Small Blind: 10Big Blind: 20
=== PREFLOP Betting Round ===Pot: 30.0Your stack: 29990Button raises to 60Bot folds
=== Hand Complete ===Final pot: 90.0Your final stack: 29990
=== New Game Started ===
2025-04-04 19:33:41,404 - INFO - === Round 25 Started ===
2025-04-04 19:33:41,405 - ERROR - 
=== Hole Cards ===Your hand: 4c JhMonte Carlo win probability: 22.85%
=== Blinds Posted ===Small Blind: 10Big Blind: 20
=== PREFLOP Betting Round ===Pot: 30.0Your stack: 29990Button callsBot folds
=== Hand Complete ===Final pot: 50.0Your final stack: 29990
=== New Game Started ===
2025-04-04 19:33:42,281 - INFO - === Round 26 Started ===
2025-04-04 19:33:42,281 - ERROR - 
=== Hole Cards ===Your hand: 7s KdMonte Carlo win probability: 29.10%
=== Blinds Posted ===Small Blind: 10Big Blind: 20
=== PREFLOP Betting Round ===Pot: 30.0Your stack: 29990Button callsBot folds
=== Hand Complete ===Final pot: 50.0Your final stack: 29990
=== New Game Started ===
2025-04-04 19:33:43,230 - INFO - === Round 27 Started ===
2025-04-04 19:33:43,231 - ERROR - 
=== Hole Cards ===Your hand: Jh 2hMonte Carlo win probability: 23.50%
=== Blinds Posted ===Small Blind: 10Big Blind: 20
=== PREFLOP Betting Round ===Pot: 30.0Your stack: 29990Button callsBot folds
=== Hand Complete ===Final pot: 50.0Your final stack: 29990
=== New Game Started ===
2025-04-04 19:33:44,183 - INFO - === Round 28 Started ===
2025-04-04 19:33:44,184 - ERROR - 
=== Hole Cards ===Your hand: 4d 9dMonte Carlo win probability: 24.30%
=== Blinds Posted ===Small Blind: 10Big Blind: 20
=== PREFLOP Betting Round ===Pot: 30.0Your stack: 29990Button raises to 60Bot folds
=== Hand Complete ===Final pot: 90.0Your final stack: 29990
=== New Game Started ===
2025-04-04 19:33:45,619 - INFO - === Round 29 Started ===
2025-04-04 19:33:45,619 - ERROR - 
=== Hole Cards ===Your hand: 4d ThMonte Carlo win probability: 21.75%
=== Blinds Posted ===Small Blind: 10Big Blind: 20
=== PREFLOP Betting Round ===Pot: 30.0Your stack: 29990Button callsBot folds
=== Hand Complete ===Final pot: 50.0Your final stack: 29990
=== New Game Started ===
2025-04-04 19:33:46,631 - INFO - === Round 30 Started ===
2025-04-04 19:33:46,631 - ERROR - 
=== Hole Cards ===Your hand: 4h JhMonte Carlo win probability: 27.25%
=== Blinds Posted ===Small Blind: 10Big Blind: 20
=== PREFLOP Betting Round ===Pot: 30.0Your stack: 29990Button callsBot folds
=== Hand Complete ===Final pot: 50.0Your final stack: 29990
=== New Game Started ===
2025-04-04 19:33:47,538 - INFO - === Round 31 Started ===
2025-04-04 19:33:47,538 - ERROR - 
=== Hole Cards ===Your hand: 2d QhMonte Carlo win probability: 23.55%
=== Blinds Posted ===Small Blind: 10Big Blind: 20
=== PREFLOP Betting Round ===Pot: 30.0Your stack: 29990Button raises to 60Bot folds
=== Hand Complete ===Final pot: 90.0Your final stack: 29990
=== New Game Started ===
2025-04-04 19:33:49,245 - INFO - === Round 32 Started ===
2025-04-04 19:33:49,245 - ERROR - 
=== Hole Cards ===Your hand: 4d 3sMonte Carlo win probability: 18.80%
=== Blinds Posted ===Small Blind: 10Big Blind: 20
=== PREFLOP Betting Round ===Pot: 30.0Your stack: 29990Button callsBot folds
=== Hand Complete ===Final pot: 50.0Your final stack: 29990
=== New Game Started ===
2025-04-04 19:33:50,232 - INFO - === Round 33 Started ===
2025-04-04 19:33:50,234 - ERROR - 
=== Hole Cards ===Your hand: 5c 6cMonte Carlo win probability: 27.75%
=== Blinds Posted ===Small Blind: 10Big Blind: 20
=== PREFLOP Betting Round ===Pot: 30.0Your stack: 29990Button raises to 60Bot folds
=== Hand Complete ===Final pot: 90.0Your final stack: 29990
=== New Game Started ===
2025-04-04 19:33:51,177 - INFO - === Round 34 Started ===
2025-04-04 19:33:51,185 - ERROR - 
=== Hole Cards ===Your hand: Kd AhMonte Carlo win probability: 41.55%
=== Blinds Posted ===Small Blind: 10Big Blind: 20
=== PREFLOP Betting Round ===Pot: 30.0Your stack: 29990Button raises to 60Bot folds
=== Hand Complete ===Final pot: 90.0Your final stack: 29990
=== New Game Started ===
2025-04-04 19:33:52,112 - INFO - === Round 35 Started ===
2025-04-04 19:33:52,112 - ERROR - 
=== Hole Cards ===Your hand: Js 3hMonte Carlo win probability: 23.90%
=== Blinds Posted ===Small Blind: 10Big Blind: 20
=== PREFLOP Betting Round ===Pot: 30.0Your stack: 29990Button callsBot folds
=== Hand Complete ===Final pot: 50.0Your final stack: 29990
=== New Game Started ===
2025-04-04 19:33:53,016 - INFO - === Round 36 Started ===
2025-04-04 19:33:53,016 - ERROR - 
=== Hole Cards ===Your hand: Kc 5sMonte Carlo win probability: 27.55%
=== Blinds Posted ===Small Blind: 10Big Blind: 20
=== PREFLOP Betting Round ===Pot: 30.0Your stack: 29990Button raises to 60Bot folds
=== Hand Complete ===Final pot: 90.0Your final stack: 29990
=== New Game Started ===
2025-04-04 19:33:53,929 - INFO - === Round 37 Started ===
2025-04-04 19:33:53,929 - ERROR - 
=== Hole Cards ===Your hand: 8d 6dMonte Carlo win probability: 28.95%
=== Blinds Posted ===Small Blind: 10Big Blind: 20
=== PREFLOP Betting Round ===Pot: 30.0Your stack: 29990Button callsBot folds
=== Hand Complete ===Final pot: 50.0Your final stack: 29990
=== New Game Started ===
2025-04-04 19:33:54,786 - INFO - === Round 38 Started ===
2025-04-04 19:33:54,787 - ERROR - 
=== Hole Cards ===Your hand: Qh 5dMonte Carlo win probability: 28.55%
=== Blinds Posted ===Small Blind: 10Big Blind: 20
=== PREFLOP Betting Round ===Pot: 30.0Your stack: 29990Button raises to 60Bot folds
=== Hand Complete ===Final pot: 90.0Your final stack: 29990
=== New Game Started ===
2025-04-04 19:33:56,427 - INFO - === Round 39 Started ===
2025-04-04 19:33:56,427 - ERROR - 
=== Hole Cards ===Your hand: Qc 3hMonte Carlo win probability: 27.00%
=== Blinds Posted ===Small Blind: 10Big Blind: 20
=== PREFLOP Betting Round ===Pot: 30.0Your stack: 29990Button callsBot folds
=== Hand Complete ===Final pot: 50.0Your final stack: 29990
=== New Game Started ===
2025-04-04 19:33:57,360 - INFO - === Round 40 Started ===
2025-04-04 19:33:57,360 - ERROR - 
=== Hole Cards ===Your hand: Jc AsMonte Carlo win probability: 38.35%
=== Blinds Posted ===Small Blind: 10Big Blind: 20
=== PREFLOP Betting Round ===Pot: 30.0Your stack: 29990Button callsBot folds
=== Hand Complete ===Final pot: 50.0Your final stack: 29990
=== New Game Started ===
2025-04-04 19:33:58,336 - INFO - === Round 41 Started ===
2025-04-04 19:33:58,337 - ERROR - 
=== Hole Cards ===Your hand: 7s 9sMonte Carlo win probability: 29.90%
=== Blinds Posted ===Small Blind: 10Big Blind: 20
=== PREFLOP Betting Round ===Pot: 30.0Your stack: 29990Button raises to 60Bot folds
=== Hand Complete ===Final pot: 90.0Your final stack: 29990
=== New Game Started ===
2025-04-04 19:33:59,859 - INFO - === Round 42 Started ===
2025-04-04 19:33:59,862 - ERROR - 
=== Hole Cards ===Your hand: 8c 5dMonte Carlo win probability: 21.30%
=== Blinds Posted ===Small Blind: 10Big Blind: 20
=== PREFLOP Betting Round ===Pot: 30.0Your stack: 29990Button callsBot folds
=== Hand Complete ===Final pot: 50.0Your final stack: 29990
=== New Game Started ===
2025-04-04 19:34:00,809 - INFO - === Round 43 Started ===
2025-04-04 19:34:00,823 - ERROR - 
=== Hole Cards ===Your hand: Qc 5sMonte Carlo win probability: 30.05%
=== Blinds Posted ===Small Blind: 10Big Blind: 20
=== PREFLOP Betting Round ===Pot: 30.0Your stack: 29990Button callsBot folds
=== Hand Complete ===Final pot: 50.0Your final stack: 29990
=== New Game Started ===
2025-04-04 19:34:01,759 - INFO - === Round 44 Started ===
2025-04-04 19:34:01,779 - ERROR - 
=== Hole Cards ===Your hand: Jd 6cMonte Carlo win probability: 24.35%
=== Blinds Posted ===Small Blind: 10Big Blind: 20
=== PREFLOP Betting Round ===Pot: 30.0Your stack: 29990Button callsBot folds
=== Hand Complete ===Final pot: 50.0Your final stack: 29990
=== New Game Started ===
2025-04-04 19:34:02,699 - INFO - === Round 45 Started ===
2025-04-04 19:34:02,701 - ERROR - 
=== Hole Cards ===Your hand: Th 8hMonte Carlo win probability: 31.35%
=== Blinds Posted ===Small Blind: 10Big Blind: 20
=== PREFLOP Betting Round ===Pot: 30.0Your stack: 29990Button callsBot folds
=== Hand Complete ===Final pot: 50.0Your final stack: 29990
=== New Game Started ===
2025-04-04 19:34:03,661 - INFO - === Round 46 Started ===
2025-04-04 19:34:03,678 - ERROR - 
=== Hole Cards ===Your hand: 4c 2sMonte Carlo win probability: 16.20%
=== Blinds Posted ===Small Blind: 10Big Blind: 20
=== PREFLOP Betting Round ===Pot: 30.0Your stack: 29990Button callsBot folds
=== Hand Complete ===Final pot: 50.0Your final stack: 29990
=== New Game Started ===
2025-04-04 19:34:04,626 - INFO - === Round 47 Started ===
2025-04-04 19:34:04,631 - ERROR - 
=== Hole Cards ===Your hand: Kd 9cMonte Carlo win probability: 33.45%
=== Blinds Posted ===Small Blind: 10Big Blind: 20
=== PREFLOP Betting Round ===Pot: 30.0Your stack: 29990Button callsBot folds
=== Hand Complete ===Final pot: 50.0Your final stack: 29990
=== New Game Started ===
2025-04-04 19:34:05,518 - INFO - === Round 48 Started ===
2025-04-04 19:34:05,518 - ERROR - 
=== Hole Cards ===Your hand: 6c TdMonte Carlo win probability: 23.45%
=== Blinds Posted ===Small Blind: 10Big Blind: 20
=== PREFLOP Betting Round ===Pot: 30.0Your stack: 29990Button raises to 60Bot folds
=== Hand Complete ===Final pot: 90.0Your final stack: 29990
=== New Game Started ===
2025-04-04 19:34:07,214 - INFO - === Round 49 Started ===
2025-04-04 19:34:07,214 - ERROR - 
=== Hole Cards ===Your hand: 8h KhMonte Carlo win probability: 34.90%
=== Blinds Posted ===Small Blind: 10Big Blind: 20
=== PREFLOP Betting Round ===Pot: 30.0Your stack: 29990Button callsBot folds
=== Hand Complete ===Final pot: 50.0Your final stack: 29990
=== New Game Started ===
2025-04-04 19:34:08,137 - INFO - === Round 50 Started ===
2025-04-04 19:34:08,139 - ERROR - 
=== Hole Cards ===Your hand: Td KhMonte Carlo win probability: 36.75%
=== Blinds Posted ===Small Blind: 10Big Blind: 20
=== PREFLOP Betting Round ===Pot: 30.0Your stack: 29990Button callsBot folds
=== Hand Complete ===Final pot: 50.0Your final stack: 29990
=== New Game Started ===
2025-04-04 19:34:09,114 - INFO - === Round 51 Started ===
2025-04-04 19:34:09,114 - ERROR - 
=== Hole Cards ===Your hand: 2d AsMonte Carlo win probability: 28.75%
=== Blinds Posted ===Small Blind: 10Big Blind: 20
=== PREFLOP Betting Round ===Pot: 30.0Your stack: 29990Button callsBot folds
=== Hand Complete ===Final pot: 50.0Your final stack: 29990
=== New Game Started ===
2025-04-04 19:34:10,066 - INFO - === Round 52 Started ===
2025-04-04 19:34:10,066 - ERROR - 
=== Hole Cards ===Your hand: Ks 5hMonte Carlo win probability: 29.45%
=== Blinds Posted ===Small Blind: 10Big Blind: 20
=== PREFLOP Betting Round ===Pot: 30.0Your stack: 29990Button raises to 60Bot folds
=== Hand Complete ===Final pot: 90.0Your final stack: 29990
=== New Game Started ===
2025-04-04 19:34:11,878 - INFO - === Round 53 Started ===
2025-04-04 19:34:11,878 - ERROR - 
=== Hole Cards ===Your hand: Kh QhMonte Carlo win probability: 43.90%
=== Blinds Posted ===Small Blind: 10Big Blind: 20
=== PREFLOP Betting Round ===Pot: 30.0Your stack: 29990Button raises to 60Bot raises to 20
=== Flop ===As 7c 3hMonte Carlo win probability: 31.80%
=== FLOP Betting Round ===Pot: 110.0Your stack: 29970Opponent checksBot folds
=== Hand Complete ===Final pot: 110.0Your final stack: 29970
=== New Game Started ===
2025-04-04 19:34:12,846 - INFO - === Round 54 Started ===
2025-04-04 19:34:12,847 - ERROR - 
=== Hole Cards ===Your hand: Jd 4cMonte Carlo win probability: 23.20%
=== Blinds Posted ===Small Blind: 10Big Blind: 20
=== PREFLOP Betting Round ===Pot: 30.0Your stack: 29990Button callsBot folds
=== Hand Complete ===Final pot: 50.0Your final stack: 29990
=== New Game Started ===
2025-04-04 19:34:14,030 - INFO - === Round 55 Started ===
2025-04-04 19:34:14,030 - ERROR - 
=== Hole Cards ===Your hand: Qc 4hMonte Carlo win probability: 23.75%
=== Blinds Posted ===Small Blind: 10Big Blind: 20
=== PREFLOP Betting Round ===Pot: 30.0Your stack: 29990Button raises to 60Bot folds
=== Hand Complete ===Final pot: 90.0Your final stack: 29990
=== New Game Started ===
2025-04-04 19:34:14,968 - INFO - === Round 56 Started ===
2025-04-04 19:34:14,968 - ERROR - 
=== Hole Cards ===Your hand: 6h 5cMonte Carlo win probability: 23.50%
=== Blinds Posted ===Small Blind: 10Big Blind: 20
=== PREFLOP Betting Round ===Pot: 30.0Your stack: 29990Button callsBot folds
=== Hand Complete ===Final pot: 50.0Your final stack: 29990
=== New Game Started ===
2025-04-04 19:34:15,951 - INFO - === Round 57 Started ===
2025-04-04 19:34:15,951 - ERROR - 
=== Hole Cards ===Your hand: 5s 3hMonte Carlo win probability: 22.70%
=== Blinds Posted ===Small Blind: 10Big Blind: 20
=== PREFLOP Betting Round ===Pot: 30.0Your stack: 29990Button callsBot folds
=== Hand Complete ===Final pot: 50.0Your final stack: 29990
=== New Game Started ===
2025-04-04 19:34:17,355 - INFO - === Round 58 Started ===
2025-04-04 19:34:17,361 - ERROR - 
=== Hole Cards ===Your hand: 7d 4sMonte Carlo win probability: 20.70%
=== Blinds Posted ===Small Blind: 10Big Blind: 20
=== PREFLOP Betting Round ===Pot: 30.0Your stack: 29990Button callsBot folds
=== Hand Complete ===Final pot: 50.0Your final stack: 29990
=== New Game Started ===
2025-04-04 19:34:18,219 - INFO - === Round 59 Started ===
2025-04-04 19:34:18,223 - ERROR - 
=== Hole Cards ===Your hand: Kh 7hMonte Carlo win probability: 34.90%
=== Blinds Posted ===Small Blind: 10Big Blind: 20
=== PREFLOP Betting Round ===Pot: 30.0Your stack: 29990Button raises to 60Bot folds
=== Hand Complete ===Final pot: 90.0Your final stack: 29990
=== New Game Started ===
2025-04-04 19:34:19,184 - INFO - === Round 60 Started ===
2025-04-04 19:34:19,184 - ERROR - 
=== Hole Cards ===Your hand: 2s 8dMonte Carlo win probability: 17.80%
=== Blinds Posted ===Small Blind: 10Big Blind: 20
=== PREFLOP Betting Round ===Pot: 30.0Your stack: 29990Button raises to 60Bot folds
=== Hand Complete ===Final pot: 90.0Your final stack: 29990
=== New Game Started ===
2025-04-04 19:34:20,389 - INFO - === Round 61 Started ===
2025-04-04 19:34:20,390 - ERROR - 
=== Hole Cards ===Your hand: 7d 3sMonte Carlo win probability: 19.00%
=== Blinds Posted ===Small Blind: 10Big Blind: 20
=== PREFLOP Betting Round ===Pot: 30.0Your stack: 29990Button callsBot folds
=== Hand Complete ===Final pot: 50.0Your final stack: 29990
=== New Game Started ===
2025-04-04 19:34:22,219 - INFO - === Round 62 Started ===
2025-04-04 19:34:22,219 - ERROR - 
=== Hole Cards ===Your hand: 7h 7cMonte Carlo win probability: 41.40%
=== Blinds Posted ===Small Blind: 10Big Blind: 20
=== PREFLOP Betting Round ===Pot: 30.0Your stack: 29990Button callsBot raises to 20
=== Flop ===5s 6h 4sMonte Carlo win probability: 49.10%
=== FLOP Betting Round ===Pot: 70.0Your stack: 29970Opponent bets 35.0Bot folds
=== Hand Complete ===Final pot: 105.0Your final stack: 29970
=== New Game Started ===
2025-04-04 19:34:23,188 - INFO - === Round 63 Started ===
2025-04-04 19:34:23,188 - ERROR - 
=== Hole Cards ===Your hand: 9h QcMonte Carlo win probability: 32.60%
=== Blinds Posted ===Small Blind: 10Big Blind: 20
=== PREFLOP Betting Round ===Pot: 30.0Your stack: 29990Button raises to 60Bot folds
=== Hand Complete ===Final pot: 90.0Your final stack: 29990
=== New Game Started ===
2025-04-04 19:34:24,181 - INFO - === Round 64 Started ===
2025-04-04 19:34:24,181 - ERROR - 
=== Hole Cards ===Your hand: 6d JcMonte Carlo win probability: 23.60%
=== Blinds Posted ===Small Blind: 10Big Blind: 20
=== PREFLOP Betting Round ===Pot: 30.0Your stack: 29990Button callsBot folds
=== Hand Complete ===Final pot: 50.0Your final stack: 29990
=== New Game Started ===
2025-04-04 19:34:25,114 - INFO - === Round 65 Started ===
2025-04-04 19:34:25,114 - ERROR - 
=== Hole Cards ===Your hand: Td QsMonte Carlo win probability: 33.80%
=== Blinds Posted ===Small Blind: 10Big Blind: 20
=== PREFLOP Betting Round ===Pot: 30.0Your stack: 29990Button callsBot folds
=== Hand Complete ===Final pot: 50.0Your final stack: 29990
=== New Game Started ===
2025-04-04 19:34:26,601 - INFO - === Round 66 Started ===
2025-04-04 19:34:26,603 - ERROR - 
=== Hole Cards ===Your hand: 3c 8dMonte Carlo win probability: 19.90%
=== Blinds Posted ===Small Blind: 10Big Blind: 20
=== PREFLOP Betting Round ===Pot: 30.0Your stack: 29990Button raises to 60Bot folds
=== Hand Complete ===Final pot: 90.0Your final stack: 29990
=== New Game Started ===
2025-04-04 19:34:27,527 - INFO - === Round 67 Started ===
2025-04-04 19:34:27,527 - ERROR - 
=== Hole Cards ===Your hand: Js 3cMonte Carlo win probability: 24.80%
=== Blinds Posted ===Small Blind: 10Big Blind: 20
=== PREFLOP Betting Round ===Pot: 30.0Your stack: 29990Button callsBot folds
=== Hand Complete ===Final pot: 50.0Your final stack: 29990
=== New Game Started ===
2025-04-04 19:34:28,760 - INFO - === Round 68 Started ===
2025-04-04 19:34:28,760 - ERROR - 
=== Hole Cards ===Your hand: Ad QhMonte Carlo win probability: 38.25%
=== Blinds Posted ===Small Blind: 10Big Blind: 20
=== PREFLOP Betting Round ===Pot: 30.0Your stack: 29990Button callsBot folds
=== Hand Complete ===Final pot: 50.0Your final stack: 29990
=== New Game Started ===
2025-04-04 19:34:29,660 - INFO - === Round 69 Started ===
2025-04-04 19:34:29,677 - ERROR - 
=== Hole Cards ===Your hand: 6s KsMonte Carlo win probability: 33.05%
=== Blinds Posted ===Small Blind: 10Big Blind: 20
=== PREFLOP Betting Round ===Pot: 30.0Your stack: 29990Button raises to 60Bot folds
=== Hand Complete ===Final pot: 90.0Your final stack: 29990
=== New Game Started ===
2025-04-04 19:34:30,563 - INFO - === Round 70 Started ===
2025-04-04 19:34:30,563 - ERROR - 
=== Hole Cards ===Your hand: 3d KsMonte Carlo win probability: 28.90%
=== Blinds Posted ===Small Blind: 10Big Blind: 20
=== PREFLOP Betting Round ===Pot: 30.0Your stack: 29990Button callsBot folds
=== Hand Complete ===Final pot: 50.0Your final stack: 29990
=== New Game Started ===
2025-04-04 19:34:31,480 - INFO - === Round 71 Started ===
2025-04-04 19:34:31,480 - ERROR - 
=== Hole Cards ===Your hand: 8d 9cMonte Carlo win probability: 29.05%
=== Blinds Posted ===Small Blind: 10Big Blind: 20
=== PREFLOP Betting Round ===Pot: 30.0Your stack: 29990Button raises to 60Bot folds
=== Hand Complete ===Final pot: 90.0Your final stack: 29990
=== New Game Started ===
2025-04-04 19:34:32,381 - INFO - === Round 72 Started ===
2025-04-04 19:34:32,381 - ERROR - 
=== Hole Cards ===Your hand: 9s 5sMonte Carlo win probability: 29.00%
=== Blinds Posted ===Small Blind: 10Big Blind: 20
=== PREFLOP Betting Round ===Pot: 30.0Your stack: 29990Button raises to 60Bot folds
=== Hand Complete ===Final pot: 90.0Your final stack: 29990
=== New Game Started ===
2025-04-04 19:34:33,311 - INFO - === Round 73 Started ===
2025-04-04 19:34:33,320 - ERROR - 
=== Hole Cards ===Your hand: Td AsMonte Carlo win probability: 35.25%
=== Blinds Posted ===Small Blind: 10Big Blind: 20
=== PREFLOP Betting Round ===Pot: 30.0Your stack: 29990Button callsBot folds
=== Hand Complete ===Final pot: 50.0Your final stack: 29990
=== New Game Started ===
2025-04-04 19:34:34,513 - INFO - === Round 74 Started ===
2025-04-04 19:34:34,513 - ERROR - 
=== Hole Cards ===Your hand: 2s TsMonte Carlo win probability: 24.50%
=== Blinds Posted ===Small Blind: 10Big Blind: 20
=== PREFLOP Betting Round ===Pot: 30.0Your stack: 29990Button callsBot folds
=== Hand Complete ===Final pot: 50.0Your final stack: 29990
=== New Game Started ===
2025-04-04 19:34:35,474 - INFO - === Round 75 Started ===
2025-04-04 19:34:35,475 - ERROR - 
=== Hole Cards ===Your hand: Ts 6cMonte Carlo win probability: 23.40%
=== Blinds Posted ===Small Blind: 10Big Blind: 20
=== PREFLOP Betting Round ===Pot: 30.0Your stack: 29990Button raises to 60Bot folds
=== Hand Complete ===Final pot: 90.0Your final stack: 29990
=== New Game Started ===
2025-04-04 19:34:36,848 - INFO - === Round 76 Started ===
2025-04-04 19:34:36,848 - ERROR - 
=== Hole Cards ===Your hand: Ad QcMonte Carlo win probability: 38.00%
=== Blinds Posted ===Small Blind: 10Big Blind: 20
=== PREFLOP Betting Round ===Pot: 30.0Your stack: 29990Button callsBot folds
=== Hand Complete ===Final pot: 50.0Your final stack: 29990
=== New Game Started ===
2025-04-04 19:34:37,784 - INFO - === Round 77 Started ===
2025-04-04 19:34:37,784 - ERROR - 
=== Hole Cards ===Your hand: 3c TcMonte Carlo win probability: 26.50%
=== Blinds Posted ===Small Blind: 10Big Blind: 20
=== PREFLOP Betting Round ===Pot: 30.0Your stack: 29990Button raises to 60Bot folds
=== Hand Complete ===Final pot: 90.0Your final stack: 29990
=== New Game Started ===
2025-04-04 19:34:38,744 - INFO - === Round 78 Started ===
2025-04-04 19:34:38,744 - ERROR - 
=== Hole Cards ===Your hand: 2c AhMonte Carlo win probability: 27.15%
=== Blinds Posted ===Small Blind: 10Big Blind: 20
=== PREFLOP Betting Round ===Pot: 30.0Your stack: 29990Button callsBot folds
=== Hand Complete ===Final pot: 50.0Your final stack: 29990
=== New Game Started ===
2025-04-04 19:34:39,659 - INFO - === Round 79 Started ===
2025-04-04 19:34:39,668 - ERROR - 
=== Hole Cards ===Your hand: 9c 6dMonte Carlo win probability: 24.95%
=== Blinds Posted ===Small Blind: 10Big Blind: 20
=== PREFLOP Betting Round ===Pot: 30.0Your stack: 29990Button callsBot folds
=== Hand Complete ===Final pot: 50.0Your final stack: 29990
=== New Game Started ===
2025-04-04 19:34:40,631 - INFO - === Round 80 Started ===
2025-04-04 19:34:40,637 - ERROR - 
=== Hole Cards ===Your hand: Kc 3sMonte Carlo win probability: 26.55%
=== Blinds Posted ===Small Blind: 10Big Blind: 20
=== PREFLOP Betting Round ===Pot: 30.0Your stack: 29990Button raises to 60Bot folds
=== Hand Complete ===Final pot: 90.0Your final stack: 29990
=== New Game Started ===
2025-04-04 19:34:41,798 - INFO - === Round 81 Started ===
2025-04-04 19:34:41,798 - ERROR - 
=== Hole Cards ===Your hand: 5s 9sMonte Carlo win probability: 26.10%
=== Blinds Posted ===Small Blind: 10Big Blind: 20
=== PREFLOP Betting Round ===Pot: 30.0Your stack: 29990Button raises to 60Bot folds
=== Hand Complete ===Final pot: 90.0Your final stack: 29990
=== New Game Started ===
2025-04-04 19:34:42,749 - INFO - === Round 82 Started ===
2025-04-04 19:34:42,749 - ERROR - 
=== Hole Cards ===Your hand: 5d 3sMonte Carlo win probability: 20.50%
=== Blinds Posted ===Small Blind: 10Big Blind: 20
=== PREFLOP Betting Round ===Pot: 30.0Your stack: 29990Button raises to 60Bot folds
=== Hand Complete ===Final pot: 90.0Your final stack: 29990
=== New Game Started ===
2025-04-04 19:34:44,606 - INFO - === Round 83 Started ===
2025-04-04 19:34:44,606 - ERROR - 
=== Hole Cards ===Your hand: Jc JdMonte Carlo win probability: 53.50%
=== Blinds Posted ===Small Blind: 10Big Blind: 20
=== PREFLOP Betting Round ===Pot: 30.0Your stack: 29990Button callsBot raises to 20
=== Flop ===8c As 9hMonte Carlo win probability: 53.50%
=== FLOP Betting Round ===Pot: 70.0Your stack: 29970Opponent checksBot folds
=== Hand Complete ===Final pot: 70.0Your final stack: 29970
=== New Game Started ===
2025-04-04 19:34:45,516 - INFO - === Round 84 Started ===
2025-04-04 19:34:45,520 - ERROR - 
=== Hole Cards ===Your hand: 9c 8sMonte Carlo win probability: 31.75%
=== Blinds Posted ===Small Blind: 10Big Blind: 20
=== PREFLOP Betting Round ===Pot: 30.0Your stack: 29990Button raises to 60Bot folds
=== Hand Complete ===Final pot: 90.0Your final stack: 29990
=== New Game Started ===
2025-04-04 19:34:46,961 - INFO - === Round 85 Started ===
2025-04-04 19:34:46,972 - ERROR - 
=== Hole Cards ===Your hand: 6d 2sMonte Carlo win probability: 19.25%
=== Blinds Posted ===Small Blind: 10Big Blind: 20
=== PREFLOP Betting Round ===Pot: 30.0Your stack: 29990Button callsBot folds
=== Hand Complete ===Final pot: 50.0Your final stack: 29990
=== New Game Started ===
2025-04-04 19:34:47,918 - INFO - === Round 86 Started ===
2025-04-04 19:34:47,918 - ERROR - 
=== Hole Cards ===Your hand: 8s AhMonte Carlo win probability: 31.65%
=== Blinds Posted ===Small Blind: 10Big Blind: 20
=== PREFLOP Betting Round ===Pot: 30.0Your stack: 29990Button raises to 60Bot folds
=== Hand Complete ===Final pot: 90.0Your final stack: 29990
=== New Game Started ===
2025-04-04 19:34:49,451 - INFO - === Round 87 Started ===
2025-04-04 19:34:49,451 - ERROR - 
=== Hole Cards ===Your hand: 3c KcMonte Carlo win probability: 29.55%
=== Blinds Posted ===Small Blind: 10Big Blind: 20
=== PREFLOP Betting Round ===Pot: 30.0Your stack: 29990Button callsBot folds
=== Hand Complete ===Final pot: 50.0Your final stack: 29990
=== New Game Started ===
2025-04-04 19:34:50,334 - INFO - === Round 88 Started ===
2025-04-04 19:34:50,334 - ERROR - 
=== Hole Cards ===Your hand: Ac KsMonte Carlo win probability: 42.60%
=== Blinds Posted ===Small Blind: 10Big Blind: 20
=== PREFLOP Betting Round ===Pot: 30.0Your stack: 29990Button raises to 60Bot folds
=== Hand Complete ===Final pot: 90.0Your final stack: 29990
=== New Game Started ===
2025-04-04 19:34:51,261 - INFO - === Round 89 Started ===
2025-04-04 19:34:51,261 - ERROR - 
=== Hole Cards ===Your hand: 8h 6cMonte Carlo win probability: 22.05%
=== Blinds Posted ===Small Blind: 10Big Blind: 20
=== PREFLOP Betting Round ===Pot: 30.0Your stack: 29990Button callsBot folds
=== Hand Complete ===Final pot: 50.0Your final stack: 29990
=== New Game Started ===
2025-04-04 19:34:52,643 - INFO - === Round 90 Started ===
2025-04-04 19:34:52,648 - ERROR - 
=== Hole Cards ===Your hand: Jh 6sMonte Carlo win probability: 24.35%
=== Blinds Posted ===Small Blind: 10Big Blind: 20
=== PREFLOP Betting Round ===Pot: 30.0Your stack: 29990Button raises to 60Bot folds
=== Hand Complete ===Final pot: 90.0Your final stack: 29990
=== New Game Started ===
2025-04-04 19:34:53,588 - INFO - === Round 91 Started ===
2025-04-04 19:34:53,588 - ERROR - 
=== Hole Cards ===Your hand: 5c QsMonte Carlo win probability: 29.20%
=== Blinds Posted ===Small Blind: 10Big Blind: 20
=== PREFLOP Betting Round ===Pot: 30.0Your stack: 29990Button callsBot folds
=== Hand Complete ===Final pot: 50.0Your final stack: 29990
=== New Game Started ===
2025-04-04 19:34:54,506 - INFO - === Round 92 Started ===
2025-04-04 19:34:54,507 - ERROR - 
=== Hole Cards ===Your hand: 9s TcMonte Carlo win probability: 30.65%
=== Blinds Posted ===Small Blind: 10Big Blind: 20
=== PREFLOP Betting Round ===Pot: 30.0Your stack: 29990Button callsBot folds
=== Hand Complete ===Final pot: 50.0Your final stack: 29990
=== New Game Started ===
2025-04-04 19:34:55,469 - INFO - === Round 93 Started ===
2025-04-04 19:34:55,469 - ERROR - 
=== Hole Cards ===Your hand: 2s JcMonte Carlo win probability: 23.55%
=== Blinds Posted ===Small Blind: 10Big Blind: 20
=== PREFLOP Betting Round ===Pot: 30.0Your stack: 29990Button raises to 60Bot folds
=== Hand Complete ===Final pot: 90.0Your final stack: 29990
=== New Game Started ===
2025-04-04 19:34:57,132 - INFO - === Round 94 Started ===
2025-04-04 19:34:57,132 - ERROR - 
=== Hole Cards ===Your hand: 4d 4hMonte Carlo win probability: 29.60%
=== Blinds Posted ===Small Blind: 10Big Blind: 20
=== PREFLOP Betting Round ===Pot: 30.0Your stack: 29990Button callsBot raises to 20
=== Flop ===9d 6s 8hMonte Carlo win probability: 19.35%
=== FLOP Betting Round ===Pot: 70.0Your stack: 29970Opponent bets 35.0Bot folds
=== Hand Complete ===Final pot: 105.0Your final stack: 29970
=== New Game Started ===
2025-04-04 19:34:58,047 - INFO - === Round 95 Started ===
2025-04-04 19:34:58,057 - ERROR - 
=== Hole Cards ===Your hand: 5s 6hMonte Carlo win probability: 23.70%
=== Blinds Posted ===Small Blind: 10Big Blind: 20
=== PREFLOP Betting Round ===Pot: 30.0Your stack: 29990Button callsBot folds
=== Hand Complete ===Final pot: 50.0Your final stack: 29990
=== New Game Started ===
2025-04-04 19:34:58,997 - INFO - === Round 96 Started ===
2025-04-04 19:34:59,007 - ERROR - 
=== Hole Cards ===Your hand: Tc 2sMonte Carlo win probability: 22.10%
=== Blinds Posted ===Small Blind: 10Big Blind: 20
=== PREFLOP Betting Round ===Pot: 30.0Your stack: 29990Button callsBot folds
=== Hand Complete ===Final pot: 50.0Your final stack: 29990
=== New Game Started ===
2025-04-04 19:35:00,916 - INFO - === Round 97 Started ===
2025-04-04 19:35:00,916 - ERROR - 
=== Hole Cards ===Your hand: 5d 5hMonte Carlo win probability: 33.15%
=== Blinds Posted ===Small Blind: 10Big Blind: 20
=== PREFLOP Betting Round ===Pot: 30.0Your stack: 29990Button callsBot raises to 20
=== Flop ===Kc 2s 6hMonte Carlo win probability: 32.20%
=== FLOP Betting Round ===Pot: 70.0Your stack: 29970Opponent bets 35.0Bot folds
=== Hand Complete ===Final pot: 105.0Your final stack: 29970
=== New Game Started ===
2025-04-04 19:35:01,780 - INFO - === Round 98 Started ===
2025-04-04 19:35:01,794 - ERROR - 
=== Hole Cards ===Your hand: Kc 2hMonte Carlo win probability: 22.85%
=== Blinds Posted ===Small Blind: 10Big Blind: 20
=== PREFLOP Betting Round ===Pot: 30.0Your stack: 29990Button raises to 60Bot folds
=== Hand Complete ===Final pot: 90.0Your final stack: 29990
=== New Game Started ===
2025-04-04 19:35:03,164 - INFO - === Round 99 Started ===
2025-04-04 19:35:03,176 - ERROR - 
=== Hole Cards ===Your hand: 5d QcMonte Carlo win probability: 28.40%
=== Blinds Posted ===Small Blind: 10Big Blind: 20
=== PREFLOP Betting Round ===Pot: 30.0Your stack: 29990Button callsBot folds
=== Hand Complete ===Final pot: 50.0Your final stack: 29990
=== New Game Started ===
2025-04-04 19:35:04,179 - INFO - === Round 100 Started ===
2025-04-04 19:35:04,179 - ERROR - 
=== Hole Cards ===Your hand: 7d 9sMonte Carlo win probability: 24.00%
=== Blinds Posted ===Small Blind: 10Big Blind: 20
=== PREFLOP Betting Round ===Pot: 30.0Your stack: 29990Button callsBot folds
=== Hand Complete ===Final pot: 50.0Your final stack: 29990
=== New Game Started ===
2025-04-04 19:35:05,414 - INFO - === Game Complete ===
2025-04-04 19:35:05,426 - INFO - Thanks for playing!
2025-04-04 19:35:05,431 - INFO - Session data saved to logs\geckobot_20250404_193312_data.json
2025-04-04 19:35:05,438 - ERROR - 
=== Hole Cards ===Your hand: 7c TsMonte Carlo win probability: 25.50%
=== Blinds Posted ===Small Blind: 10Big Blind: 20
=== PREFLOP Betting Round ===Pot: 30.0Your stack: 29990Button raises to 60Bot folds
=== Hand Complete ===Final pot: 90.0Your final stack: 29990Session data saved to: logs\geckobot_20250404_193312_data.jsonFile exists: True
