2025-04-04 21:19:07,444 - INFO - === GeckoBot Logging Session 20250404_211907 Started ===
2025-04-04 21:19:07,455 - INFO - === Starting GeckoBot Poker Game ===
2025-04-04 21:19:07,456 - INFO - === Round 1 Started ===
2025-04-04 21:19:07,456 - INFO - === New Game Started ===
2025-04-04 21:19:07,456 - INFO - === Hand 1 Started ===
2025-04-04 21:19:07,456 - INFO - Hole cards: 3c 2s
2025-04-04 21:19:08,339 - INFO - PREFLOP win probability: 17.45%
2025-04-04 21:19:08,493 - INFO - Small Blind: 10
2025-04-04 21:19:08,494 - INFO - Big Blind: 20
2025-04-04 21:19:08,498 - INFO - Pot size: 30.0
2025-04-04 21:19:08,510 - INFO - === PREFLOP Betting Round ===
2025-04-04 21:19:08,511 - INFO - Pot size: 30.0
2025-04-04 21:19:08,512 - INFO - Hero stack: 29990
2025-04-04 21:19:08,514 - INFO - Button calls 20
2025-04-04 21:19:08,517 - INFO - Bot folds
2025-04-04 21:19:08,735 - INFO - === Hand Complete ===
2025-04-04 21:19:08,745 - INFO - Final pot: 50.0
2025-04-04 21:19:08,746 - INFO - Your final stack: 29990
2025-04-04 21:19:08,804 - INFO - === Hand 1 Complete ===
2025-04-04 21:19:08,818 - INFO - Final pot: 50.0
2025-04-04 21:19:08,830 - INFO - Hero stack: 29990
2025-04-04 21:19:09,789 - INFO - === Game Complete ===
2025-04-04 21:19:09,789 - INFO - Thanks for playing!
2025-04-04 21:19:09,795 - INFO - Session data saved to logs\geckobot_20250404_211907_data.json
2025-04-04 21:19:09,799 - ERROR - Logger initialized with session ID: 20250404_211907Log directory: logsLog directory exists: TrueSession data saved to: logs\geckobot_20250404_211907_data.jsonFile exists: True
